<?xml version="1.0" encoding="UTF-8"?>
<!-- Generated by org.testng.reporters.JUnitReportReporter -->
<testsuite hostname="DESKTOP-KJ2AQ4I" failures="0" tests="2" name="runner.gururun" time="33.527" errors="0" timestamp="3 Nov 2022 16:20:47 GMT">
  <testcase classname="runner.gururun" name="runScenario" time="20.213"/>
  <testcase classname="runner.gururun" name="runScenario" time="13.314"/>
</testsuite> <!-- runner.gururun -->
