<?xml version="1.0" encoding="UTF-8"?>
<!-- Generated by org.testng.reporters.JUnitReportReporter -->
<testsuite hostname="DESKTOP-KJ2AQ4I" failures="0" tests="2" name="runner.gururun" time="27.730" errors="0" timestamp="4 Nov 2022 04:09:59 GMT">
  <testcase classname="runner.gururun" name="runScenario" time="15.998"/>
  <testcase classname="runner.gururun" name="runScenario" time="11.732"/>
</testsuite> <!-- runner.gururun -->
